<?xml version="1.0" encoding="UTF-8"?>
<testng-results ignored="0" total="2" passed="2" failed="0" skipped="0">
  <reporter-output>
  </reporter-output>
  <suite started-at="2025-05-11T22:34:21 IST" name="Suite" finished-at="2025-05-11T22:34:36 IST" duration-ms="15604">
    <groups>
    </groups>
    <test started-at="2025-05-11T22:34:21 IST" name="Test" finished-at="2025-05-11T22:34:36 IST" duration-ms="15604">
      <class name="com.testcase.TestCase">
        <test-method is-config="true" signature="setUpDriver()[pri:0, instance:com.testcase.TestCase@1ca3b418]" started-at="2025-05-11T22:34:21 IST" name="setUpDriver" finished-at="2025-05-11T22:34:31 IST" duration-ms="10600" status="PASS">
          <reporter-output>
          </reporter-output>
        </test-method> <!-- setUpDriver -->
        <test-method signature="searchitem()[pri:0, instance:com.testcase.TestCase@1ca3b418]" started-at="2025-05-11T22:34:31 IST" name="searchitem" finished-at="2025-05-11T22:34:34 IST" duration-ms="2402" status="PASS">
          <reporter-output>
          </reporter-output>
        </test-method> <!-- searchitem -->
        <test-method signature="addToCart()[pri:0, instance:com.testcase.TestCase@1ca3b418]" started-at="2025-05-11T22:34:34 IST" name="addToCart" finished-at="2025-05-11T22:34:36 IST" depends-on-methods="com.testcase.TestCase.searchitem" duration-ms="2529" status="PASS">
          <reporter-output>
          </reporter-output>
        </test-method> <!-- addToCart -->
      </class> <!-- com.testcase.TestCase -->
    </test> <!-- Test -->
  </suite> <!-- Suite -->
</testng-results>
