<?xml version="1.0" encoding="UTF-8"?>
<testng-results ignored="0" total="2" passed="2" failed="0" skipped="0">
  <reporter-output>
  </reporter-output>
  <suite started-at="2025-05-11T17:35:16 IST" name="Default suite" finished-at="2025-05-11T17:35:34 IST" duration-ms="17578">
    <groups>
    </groups>
    <test started-at="2025-05-11T17:35:16 IST" name="Default test" finished-at="2025-05-11T17:35:34 IST" duration-ms="17578">
      <class name="com.testcase.TestCase">
        <test-method is-config="true" signature="setUpDriver()[pri:0, instance:com.testcase.TestCase@1ca3b418]" started-at="2025-05-11T17:35:16 IST" name="setUpDriver" finished-at="2025-05-11T17:35:28 IST" duration-ms="11044" status="PASS">
          <reporter-output>
          </reporter-output>
        </test-method> <!-- setUpDriver -->
        <test-method signature="searchitem()[pri:0, instance:com.testcase.TestCase@1ca3b418]" started-at="2025-05-11T17:35:28 IST" name="searchitem" finished-at="2025-05-11T17:35:31 IST" duration-ms="2940" status="PASS">
          <reporter-output>
          </reporter-output>
        </test-method> <!-- searchitem -->
        <test-method signature="addToCart()[pri:0, instance:com.testcase.TestCase@1ca3b418]" started-at="2025-05-11T17:35:31 IST" name="addToCart" finished-at="2025-05-11T17:35:34 IST" depends-on-methods="com.testcase.TestCase.searchitem" duration-ms="3436" status="PASS">
          <reporter-output>
          </reporter-output>
        </test-method> <!-- addToCart -->
      </class> <!-- com.testcase.TestCase -->
    </test> <!-- Default test -->
  </suite> <!-- Default suite -->
</testng-results>
